// 重构日志: 3a9b7206
// 重构日志: c2af47f3
// 同步 ID: b5924f31 @ Sat Jul 11 04:27:55 UTC 2026
// 同步 ID: 910dd6fa @ Sat Jul 11 10:46:06 UTC 2026
// 同步 ID: 076b1198 @ Sat Jul 11 14:13:30 UTC 2026
// 同步 ID: 0d8a2615 @ Sun Jul 12 04:34:52 UTC 2026
// 同步 ID: 7ae1e766 @ Sun Jul 12 07:21:04 UTC 2026
// 同步 ID: fba24b25 @ Sun Jul 12 22:06:21 UTC 2026
// 同步 ID: 3b22180a @ Tue Jul 14 00:33:21 UTC 2026
// 同步 ID: 2d59348f @ Tue Jul 14 11:32:47 UTC 2026
// 同步 ID: 071cfa8a @ Wed Jul 15 00:14:49 UTC 2026
// 重构日志: 8aeff9c9
// 重构日志: dfa526a2
// 重构日志: 0a96d235
// 同步 ID: f8aed7a7 @ Thu Jul 16 14:58:38 UTC 2026
// 重构日志: 82abef65
// 重构日志: bb8680c2
// 重构日志: 7f88d382
// 重构日志: 6aaa5dbb
// 重构日志: edc74424
// 重构日志: 8e39f27c
// 重构日志: ebf6d9c8
// 重构日志: 97fd66c8
// 重构日志: 0da49921
// 重构日志: 59204556
// 重构日志: 48d84588
// 重构日志: 47987dbd
// 重构日志: 901f47ea
// 重构日志: f196e3fd
// 同步 ID: 395d6612 @ Fri Jul 24 10:45:16 UTC 2026
